<?xml version="1.0" encoding="UTF-8"?>
<TestRun id="b32f2d14-f888-43aa-91bf-eeb2a1ffb24d" name="Mark@MBP-WIN7 2010-08-05 20:32:47" runUser="MBP-Win7\Mark" xmlns="http://microsoft.com/schemas/VisualStudio/TeamTest/2010">
  <TestSettings name="Default Test Settings" id="3c29bea6-8256-4d0c-8105-73dec3b0b3e0">
    <Deployment runDeploymentRoot="Mark_MBP-WIN7 2010-08-05 20_32_47">
      <DeploymentItem filename="C:\Workspace\Simple.Data\Simple.Data\bin\Debug\Simple.Data.dll" />
    </Deployment>
    <Execution>
      <TestTypeSpecific />
      <AgentRule name="Execution Agents">
      </AgentRule>
    </Execution>
  </TestSettings>
  <Times creation="2010-08-05T20:32:47.6050000+01:00" queuing="2010-08-05T20:32:48.0590000+01:00" start="2010-08-05T20:32:48.1230000+01:00" finish="2010-08-05T20:32:48.9840000+01:00" />
  <ResultSummary outcome="Completed">
    <Counters total="1" executed="1" passed="1" error="0" failed="0" timeout="0" aborted="0" inconclusive="0" passedButRunAborted="0" notRunnable="0" notExecuted="0" disconnected="0" warning="0" completed="0" inProgress="0" pending="0" />
  </ResultSummary>
  <TestDefinitions>
    <UnitTest name="DynamicCastTest" storage="c:\workspace\simple.data\simple.data.test\bin\debug\simple.data.test.dll" id="07e2ccbd-d038-b912-185d-6a1aa530a0e4">
      <Execution id="2115c723-76b8-42f1-b692-f61aded3d871" />
      <TestMethod codeBase="C:/Workspace/Simple.Data/Simple.Data.Test/bin/Debug/Simple.Data.Test.DLL" adapterTypeName="Microsoft.VisualStudio.TestTools.TestTypes.Unit.UnitTestAdapter, Microsoft.VisualStudio.QualityTools.Tips.UnitTest.Adapter, Version=10.0.0.0, Culture=neutral, PublicKeyToken=b03f5f7f11d50a3a" className="Simple.Data.Test.DynamicRecordTest, Simple.Data.Test, Version=1.0.0.0, Culture=neutral, PublicKeyToken=null" name="DynamicCastTest" />
    </UnitTest>
  </TestDefinitions>
  <TestLists>
    <TestList name="Results Not in a List" id="8c84fa94-04c1-424b-9868-57a2d4851a1d" />
    <TestList name="All Loaded Results" id="19431567-8539-422a-85d7-44ee4e166bda" />
  </TestLists>
  <TestEntries>
    <TestEntry testId="07e2ccbd-d038-b912-185d-6a1aa530a0e4" executionId="2115c723-76b8-42f1-b692-f61aded3d871" testListId="8c84fa94-04c1-424b-9868-57a2d4851a1d" />
  </TestEntries>
  <Results>
    <UnitTestResult executionId="2115c723-76b8-42f1-b692-f61aded3d871" testId="07e2ccbd-d038-b912-185d-6a1aa530a0e4" testName="DynamicCastTest" computerName="MBP-WIN7" duration="00:00:00.0641792" startTime="2010-08-05T20:32:48.1780000+01:00" endTime="2010-08-05T20:32:48.5940000+01:00" testType="13cdc9d9-ddb5-4fa4-a97d-d965ccfc6d4b" outcome="Passed" testListId="8c84fa94-04c1-424b-9868-57a2d4851a1d" relativeResultsDirectory="2115c723-76b8-42f1-b692-f61aded3d871">
    </UnitTestResult>
  </Results>
</TestRun>